2020-07-17 10:17:35,459 INFO [ test_login.py testlogin 17 ] - [ 登录测试结果数据：{'msg': 'success', 'result': 0, 'userid': 1} ]
2020-07-17 10:45:34,953 INFO [ uitls.py read_data 29 ] - [ 组装后的数据：[('login_success', 'lucy', '123456', 'success', 0, 200)] ]
2020-07-17 10:45:34,953 INFO [ uitls.py read_data 29 ] - [ 组装后的数据：[('user_not_found', 'lucysdf', '123456', 'not find', 2, 200)] ]
2020-07-17 10:45:34,969 INFO [ uitls.py read_data 29 ] - [ 组装后的数据：[('passwd_is_error', 'lucy', '1234567', 'password is wrong', 3, 200)] ]
2020-07-17 10:47:36,946 INFO [ uitls.py <module> 36 ] - [ 组装后的数据：[('login_success', 'lucy', '123456', 'success', 0, 200), ('user_not_found', 'lucysdf', '123456', 'not find', 2, 200), ('passwd_is_error', 'lucy', '1234567', 'password is wrong', 3, 200)] ]
2020-07-17 10:52:39,327 INFO [ test_login.py testlogin 20 ] - [ login_success：{'msg': 'success', 'result': 0, 'userid': 1} ]
2020-07-17 10:52:39,327 INFO [ test_login.py testlogin 20 ] - [ user_not_found：{'msg': 'the user not find!', 'result': 2} ]
2020-07-17 10:52:39,467 INFO [ test_login.py testlogin 20 ] - [ passwd_is_error：{'msg': 'your password is wrong!', 'result': 3} ]
2020-07-17 11:03:09,826 INFO [ test_login.py testlogin 20 ] - [ login_success：{'msg': 'success', 'result': 0, 'userid': 1} ]
2020-07-17 11:03:09,842 INFO [ test_login.py testlogin 20 ] - [ user_not_found：{'msg': 'the user not find!', 'result': 2} ]
2020-07-17 11:03:09,967 INFO [ test_login.py testlogin 20 ] - [ passwd_is_error：{'msg': 'your password is wrong!', 'result': 3} ]
2020-07-18 10:06:30,709 INFO [ test_login.py testlogin 22 ] - [ login_success：{'msg': 'success', 'result': 0, 'userid': 1} ]
2020-07-18 10:06:30,765 INFO [ test_login.py testlogin 22 ] - [ user_not_found：{'msg': 'the user not find!', 'result': 2} ]
2020-07-18 10:06:30,931 INFO [ test_login.py testlogin 22 ] - [ passwd_is_error：{'msg': 'your password is wrong!', 'result': 3} ]
2020-07-18 10:10:01,707 INFO [ test_login.py testlogin 22 ] - [ login_success：{'msg': 'success', 'result': 0, 'userid': 1} ]
2020-07-18 10:10:01,715 INFO [ test_login.py testlogin 22 ] - [ user_not_found：{'msg': 'the user not find!', 'result': 2} ]
2020-07-18 10:10:01,851 INFO [ test_login.py testlogin 22 ] - [ passwd_is_error：{'msg': 'your password is wrong!', 'result': 3} ]
2020-07-18 10:19:31,069 INFO [ demo.py <module> 26 ] - [ 查询到的数据：(1, 'lucy', 'pbkdf2:sha256:150000$eaGVu61i$b3379dddfd36b8bcb58d7e02c0bc6e852a11f48db9cd2a2da873a19f440be493', 'boy', '15316099086', datetime.datetime(2020, 5, 2, 9, 20, 2), 1) ]
2020-07-18 10:27:05,165 INFO [ demo.py test01 31 ] - [ 查询到的数据：(1, 'lucy', 'pbkdf2:sha256:150000$eaGVu61i$b3379dddfd36b8bcb58d7e02c0bc6e852a11f48db9cd2a2da873a19f440be493', 'boy', '15316099086', datetime.datetime(2020, 5, 2, 9, 20, 2), 1) ]
2020-07-18 10:27:41,198 INFO [ demo.py test01 32 ] - [ 查询到的数据：(1, 'lucy', 'pbkdf2:sha256:150000$eaGVu61i$b3379dddfd36b8bcb58d7e02c0bc6e852a11f48db9cd2a2da873a19f440be493', 'boy', '15316099086', datetime.datetime(2020, 5, 2, 9, 20, 2), 1) ]
2020-07-18 10:28:36,697 INFO [ demo.py test01 32 ] - [ 查询到的数据：(1, 'lucy', 'pbkdf2:sha256:150000$eaGVu61i$b3379dddfd36b8bcb58d7e02c0bc6e852a11f48db9cd2a2da873a19f440be493', 'boy', '15316099086', datetime.datetime(2020, 5, 2, 9, 20, 2), 1) ]
2020-07-18 10:29:46,485 INFO [ demo.py test01 32 ] - [ 查询到的数据：(1, 'lucy', 'pbkdf2:sha256:150000$eaGVu61i$b3379dddfd36b8bcb58d7e02c0bc6e852a11f48db9cd2a2da873a19f440be493', 'boy', '15316099086', datetime.datetime(2020, 5, 2, 9, 20, 2), 1) ]
2020-07-18 10:32:49,745 INFO [ test_login.py testlogin 22 ] - [ login_success：{'msg': 'success', 'result': 0, 'userid': 1} ]
2020-07-18 10:32:49,753 INFO [ test_login.py testlogin 22 ] - [ user_not_found：{'msg': 'the user not find!', 'result': 2} ]
2020-07-18 10:32:49,896 INFO [ test_login.py testlogin 22 ] - [ passwd_is_error：{'msg': 'your password is wrong!', 'result': 3} ]
2020-07-18 10:32:49,901 INFO [ demo.py test01 36 ] - [ 查询到的数据：(1, 'lucy', 'pbkdf2:sha256:150000$eaGVu61i$b3379dddfd36b8bcb58d7e02c0bc6e852a11f48db9cd2a2da873a19f440be493', 'boy', '15316099086', datetime.datetime(2020, 5, 2, 9, 20, 2), 1) ]
2020-07-18 11:51:48,519 INFO [ uitls.py <module> 44 ] - [ 组装后的数据：[('addgood_success', '华为mate30', 1, 200, 0, 'success'), ('category_not_found', '小米note4', 4, 200, 1, 'category_id is not find'), ('addgood_success', '华为mate30', 1, 200, 2, 'goods is exists')] ]
2020-07-18 11:55:53,646 INFO [ test_login.py testlogin 22 ] - [ login_success：{'msg': 'success', 'result': 0, 'userid': 1} ]
2020-07-18 11:55:53,655 INFO [ test_login.py testlogin 22 ] - [ user_not_found：{'msg': 'the user not find!', 'result': 2} ]
2020-07-18 11:55:53,794 INFO [ test_login.py testlogin 22 ] - [ passwd_is_error：{'msg': 'your password is wrong!', 'result': 3} ]
2020-07-18 11:55:53,799 INFO [ test_addgoods.py testaddgood 21 ] - [ addgood_success：{'msg': 'please login.', 'result': 5} ]
2020-07-18 11:55:53,803 INFO [ test_addgoods.py testaddgood 21 ] - [ category_not_found：{'msg': 'please login.', 'result': 5} ]
2020-07-18 11:55:53,808 INFO [ test_addgoods.py testaddgood 21 ] - [ addgood_success：{'msg': 'please login.', 'result': 5} ]
2020-07-18 16:14:29,900 INFO [ test_login.py testlogin 22 ] - [ login_success：{'msg': 'success', 'result': 0, 'userid': 1} ]
2020-07-18 16:14:29,908 INFO [ test_login.py testlogin 22 ] - [ user_not_found：{'msg': 'the user not find!', 'result': 2} ]
2020-07-18 16:14:30,047 INFO [ test_login.py testlogin 22 ] - [ passwd_is_error：{'msg': 'your password is wrong!', 'result': 3} ]
2020-07-18 16:14:30,051 INFO [ test_addgoods.py testaddgood 21 ] - [ addgood_success：{'msg': 'please login.', 'result': 5} ]
2020-07-18 16:14:30,055 INFO [ test_addgoods.py testaddgood 21 ] - [ category_not_found：{'msg': 'please login.', 'result': 5} ]
2020-07-18 16:14:30,059 INFO [ test_addgoods.py testaddgood 21 ] - [ addgood_success：{'msg': 'please login.', 'result': 5} ]
2020-07-18 16:15:24,480 INFO [ test_login.py testlogin 22 ] - [ login_success：{'msg': 'success', 'result': 0, 'userid': 1} ]
2020-07-18 16:15:24,486 INFO [ test_login.py testlogin 22 ] - [ user_not_found：{'msg': 'the user not find!', 'result': 2} ]
2020-07-18 16:15:24,626 INFO [ test_login.py testlogin 22 ] - [ passwd_is_error：{'msg': 'your password is wrong!', 'result': 3} ]
2020-07-18 16:15:24,630 INFO [ test_addgoods.py testaddgood 21 ] - [ addgood_success：{'msg': 'please login.', 'result': 5} ]
2020-07-18 16:15:24,634 INFO [ test_addgoods.py testaddgood 21 ] - [ category_not_found：{'msg': 'please login.', 'result': 5} ]
2020-07-18 16:15:24,637 INFO [ test_addgoods.py testaddgood 21 ] - [ addgood_success：{'msg': 'please login.', 'result': 5} ]
2020-07-18 16:19:52,256 INFO [ test_login.py testlogin 22 ] - [ login_success：{'msg': 'success', 'result': 0, 'userid': 1} ]
2020-07-18 16:19:52,262 INFO [ test_login.py testlogin 22 ] - [ user_not_found：{'msg': 'the user not find!', 'result': 2} ]
2020-07-18 16:19:52,396 INFO [ test_login.py testlogin 22 ] - [ passwd_is_error：{'msg': 'your password is wrong!', 'result': 3} ]
2020-07-18 16:22:46,653 INFO [ test_login.py testlogin 22 ] - [ login_success：{'msg': 'success', 'result': 0, 'userid': 1} ]
2020-07-18 16:22:46,659 INFO [ test_login.py testlogin 22 ] - [ user_not_found：{'msg': 'the user not find!', 'result': 2} ]
2020-07-18 16:22:46,793 INFO [ test_login.py testlogin 22 ] - [ passwd_is_error：{'msg': 'your password is wrong!', 'result': 3} ]
2020-07-18 16:22:46,812 INFO [ test_addgoods.py testaddgood 21 ] - [ addgood_success：{'goods_id': 261, 'msg': 'success', 'result': 0} ]
2020-07-18 16:22:46,819 INFO [ test_addgoods.py testaddgood 21 ] - [ category_not_found：{'msg': 'the category_id is not find.', 'result': 1} ]
2020-07-18 16:22:46,851 INFO [ test_addgoods.py testaddgood 21 ] - [ addgood_success：{'goods_id': 261, 'msg': 'success', 'result': 0} ]
2020-07-18 16:30:25,886 INFO [ test_login.py testlogin 22 ] - [ login_success：{'msg': 'success', 'result': 0, 'userid': 1} ]
2020-07-18 16:39:43,734 INFO [ test_login.py testlogin 22 ] - [ login_success：{'msg': 'success', 'result': 0, 'userid': 1} ]
2020-07-18 17:50:17,630 INFO [ test_login.py testlogin 22 ] - [ login_success：{'msg': 'success', 'result': 0, 'userid': 1} ]
2020-07-18 17:50:17,636 INFO [ test_login.py testlogin 22 ] - [ user_not_found：{'msg': 'the user not find!', 'result': 2} ]
2020-07-18 17:50:17,772 INFO [ test_login.py testlogin 22 ] - [ passwd_is_error：{'msg': 'your password is wrong!', 'result': 3} ]
2020-07-18 17:50:17,776 INFO [ test_addgoods.py testaddgood 21 ] - [ addgood_success：{'msg': 'please login.', 'result': 5} ]
2020-07-18 17:50:17,781 INFO [ test_addgoods.py testaddgood 21 ] - [ category_not_found：{'msg': 'please login.', 'result': 5} ]
2020-07-18 17:50:17,785 INFO [ test_addgoods.py testaddgood 21 ] - [ goods_is_exists：{'msg': 'please login.', 'result': 5} ]
2020-07-18 17:53:06,102 INFO [ test_login.py testlogin 22 ] - [ login_success：{'msg': 'success', 'result': 0, 'userid': 1} ]
2020-07-18 17:53:06,108 INFO [ test_login.py testlogin 22 ] - [ user_not_found：{'msg': 'the user not find!', 'result': 2} ]
2020-07-18 17:53:06,240 INFO [ test_login.py testlogin 22 ] - [ passwd_is_error：{'msg': 'your password is wrong!', 'result': 3} ]
2020-07-18 17:53:06,244 INFO [ test_addgoods.py testaddgood 21 ] - [ addgood_success：{'msg': 'please login.', 'result': 5} ]
2020-07-18 17:53:06,248 INFO [ test_addgoods.py testaddgood 21 ] - [ category_not_found：{'msg': 'please login.', 'result': 5} ]
2020-07-18 17:53:06,252 INFO [ test_addgoods.py testaddgood 21 ] - [ goods_is_exists：{'msg': 'please login.', 'result': 5} ]
2020-07-19 10:01:55,413 INFO [ test_login.py testlogin 22 ] - [ login_success：{'msg': 'success', 'result': 0, 'userid': 1} ]
2020-07-19 10:01:55,438 INFO [ test_login.py testlogin 22 ] - [ user_not_found：{'msg': 'the user not find!', 'result': 2} ]
2020-07-19 10:01:55,570 INFO [ test_login.py testlogin 22 ] - [ passwd_is_error：{'msg': 'your password is wrong!', 'result': 3} ]
2020-07-19 10:01:55,583 INFO [ test_addgoods.py testaddgood 21 ] - [ addgood_success：{'goods_id': 261, 'msg': 'success', 'result': 0} ]
2020-07-19 10:01:55,590 INFO [ test_addgoods.py testaddgood 21 ] - [ category_not_found：{'msg': 'the category_id is not find.', 'result': 1} ]
2020-07-19 10:01:55,606 INFO [ test_addgoods.py testaddgood 21 ] - [ goods_is_exists：{'goods_id': 261, 'msg': 'success', 'result': 0} ]
